\BOOKMARK [1][-]{section*.1}{\376\377\144\130\000\040\211\201}{}% 1
\BOOKMARK [1][-]{section*.2}{\376\377\000A\000B\000S\000T\000R\000A\000C\000T}{}% 2
\BOOKMARK [1][-]{section*.3}{\376\377\173\046\123\367\124\214\177\051\165\145\213\355\213\364\146\016}{}% 3
\BOOKMARK [1][-]{section.1}{\376\377\176\352\213\272}{}% 4
\BOOKMARK [2][-]{subsection.1.1}{\376\377\170\024\172\166\200\314\146\157\123\312\141\017\116\111}{section.1}% 5
\BOOKMARK [2][-]{subsection.1.2}{\376\377\126\375\121\205\131\026\170\024\172\166\163\260\162\266}{section.1}% 6
\BOOKMARK [3][-]{subsubsection.1.2.1}{\376\377\226\306\116\055\137\017\143\245\121\145\145\271\137\017\166\204\170\024\172\166\163\260\162\266}{subsection.1.2}% 7
\BOOKMARK [3][-]{subsubsection.1.2.2}{\376\377\226\217\147\072\143\245\121\145\145\271\137\017\166\204\170\024\172\166\163\260\162\266}{subsection.1.2}% 8
\BOOKMARK [3][-]{subsubsection.1.2.3}{\376\377\140\047\200\375\122\006\147\220\164\006\213\272\166\204\170\024\172\166\163\260\162\266}{subsection.1.2}% 9
\BOOKMARK [2][-]{subsection.1.3}{\376\377\147\054\145\207\116\073\211\201\215\041\163\056}{section.1}% 10
\BOOKMARK [2][-]{subsection.1.4}{\376\377\213\272\145\207\172\340\202\202\133\211\143\222}{section.1}% 11
\BOOKMARK [1][-]{section.2}{\376\377\166\370\121\163\164\006\213\272\116\016\142\200\147\057}{}% 12
\BOOKMARK [2][-]{subsection.2.1}{\376\377\000A\000o\000I\166\370\121\163\151\202\217\360\116\016\220\032\165\050\213\241\173\227\150\106\147\266}{section.2}% 13
\BOOKMARK [3][-]{subsubsection.2.1.1}{\376\377\000A\000o\000I\166\204\133\232\116\111\116\016\157\024\123\026\162\171\140\047}{subsection.2.1}% 14
\BOOKMARK [3][-]{subsubsection.2.1.2}{\376\377\000A\000o\000I\166\204\166\370\121\163\143\007\150\007}{subsection.2.1}% 15
\BOOKMARK [2][-]{subsection.2.2}{\376\377\232\154\134\024\123\357\131\053\224\376\166\370\121\163\151\202\217\360}{section.2}% 16
\BOOKMARK [3][-]{subsubsection.2.2.1}{\376\377\232\154\134\024\123\357\131\053\224\376\166\204\133\232\116\111}{subsection.2.2}% 17
\BOOKMARK [3][-]{subsubsection.2.2.2}{\376\377\217\154\171\373\151\202\163\207\167\351\226\065}{subsection.2.2}% 18
\BOOKMARK [3][-]{subsubsection.2.2.3}{\376\377\232\154\134\024\123\357\131\053\224\376\166\204\150\070\137\303\140\047\215\050}{subsection.2.2}% 19
\BOOKMARK [3][-]{subsubsection.2.2.4}{\376\377\232\154\134\024\123\357\131\053\224\376\166\204\172\063\140\001\122\006\136\003}{subsection.2.2}% 20
\BOOKMARK [1][-]{section.3}{\376\377\173\111\137\205\000\040\000A\000L\000O\000H\000A\000\040\166\204\213\276\213\241\123\312\122\006\147\220}{}% 21
\BOOKMARK [2][-]{subsection.3.1}{\376\377\174\373\176\337\152\041\127\213}{section.3}% 22
\BOOKMARK [2][-]{subsection.3.2}{\376\377\127\372\116\216\232\154\134\024\123\357\131\053\224\376\166\204\172\063\140\001\143\245\121\145\122\006\147\220}{section.3}% 23
\BOOKMARK [3][-]{subsubsection.3.2.1}{\376\377\162\266\140\001\217\154\171\373\152\041\127\213}{subsection.3.2}% 24
\BOOKMARK [3][-]{subsubsection.3.2.2}{\376\377\172\063\140\001\145\271\172\013\166\204\147\204\136\372}{subsection.3.2}% 25
\BOOKMARK [3][-]{subsubsection.3.2.3}{\376\377\172\063\140\001\145\271\172\013\211\343\166\204\133\130\127\050\125\057\116\000\140\047\213\272\213\301}{subsection.3.2}% 26
\BOOKMARK [2][-]{subsection.3.3}{\376\377\117\341\140\157\145\366\145\110\140\047\143\007\150\007\166\204\164\006\213\272\211\343\147\220}{section.3}% 27
\BOOKMARK [3][-]{subsubsection.3.3.1}{\376\377\136\163\127\107\000\040\000A\000o\000I\000\040\166\204\225\355\137\017\143\250\133\374}{subsection.3.3}% 28
\BOOKMARK [3][-]{subsubsection.3.3.2}{\376\377\000A\000o\000I\000\040\217\335\211\304\151\202\163\207\166\204\225\355\137\017\143\250\133\374}{subsection.3.3}% 29
\BOOKMARK [2][-]{subsection.3.4}{\376\377\164\006\213\272\122\006\147\220\116\016\140\047\200\375\155\036\133\337}{section.3}% 30
\BOOKMARK [3][-]{subsubsection.3.4.1}{\376\377\136\163\127\107\000\040\000A\000o\000I\000\040\166\204\145\271\135\356\140\351\177\132\145\110\136\224}{subsection.3.4}% 31
\BOOKMARK [3][-]{subsubsection.3.4.2}{\376\377\217\335\211\304\151\202\163\207\166\204\123\330\137\002\174\373\145\160\116\073\133\374\116\016\134\076\220\350\210\160\121\317\211\304\137\213}{subsection.3.4}% 32
\BOOKMARK [3][-]{subsubsection.3.4.3}{\376\377\170\156\133\232\140\047\173\111\137\205\172\227\123\343\000\040\000z\000\040\166\204\123\302\145\160\147\103\210\141\145\110\136\224}{subsection.3.4}% 33
\BOOKMARK [2][-]{subsection.3.5}{\376\377\147\054\172\340\134\017\176\323}{section.3}% 34
\BOOKMARK [1][-]{section.4}{\376\377\173\111\137\205\000\040\000C\000S\000M\000A\000\040\166\204\213\276\213\241\123\312\122\006\147\220}{}% 35
\BOOKMARK [2][-]{subsection.4.1}{\376\377\174\373\176\337\152\041\127\213}{section.4}% 36
\BOOKMARK [2][-]{subsection.4.2}{\376\377\127\372\116\216\232\154\134\024\123\357\131\053\224\376\166\204\172\063\140\001\143\245\121\145\122\006\147\220}{section.4}% 37
\BOOKMARK [3][-]{subsubsection.4.2.1}{\376\377\162\266\140\001\217\154\171\373\152\041\127\213}{subsection.4.2}% 38
\BOOKMARK [3][-]{subsubsection.4.2.2}{\376\377\172\063\140\001\145\271\172\013\166\204\147\204\136\372}{subsection.4.2}% 39
\BOOKMARK [3][-]{subsubsection.4.2.3}{\376\377\172\063\140\001\145\271\172\013\211\343\166\204\133\130\127\050\125\057\116\000\140\047\213\272\213\301}{subsection.4.2}% 40
\BOOKMARK [2][-]{subsection.4.3}{\376\377\117\341\140\157\145\366\145\110\140\047\143\007\150\007\166\204\164\006\213\272\211\343\147\220}{section.4}% 41
\BOOKMARK [3][-]{subsubsection.4.3.1}{\376\377\136\163\127\107\000\040\000A\000o\000I\000\040\166\204\225\355\137\017\143\250\133\374}{subsection.4.3}% 42
\BOOKMARK [3][-]{subsubsection.4.3.2}{\376\377\000A\000o\000I\000\040\217\335\211\304\151\202\163\207\166\204\225\355\137\017\143\250\133\374}{subsection.4.3}% 43
\BOOKMARK [2][-]{subsection.4.4}{\376\377\164\006\213\272\122\006\147\220\116\016\140\047\200\375\155\036\133\337}{section.4}% 44
\BOOKMARK [3][-]{subsubsection.4.4.1}{\376\377\136\163\127\107\000\040\000A\000o\000I\000\040\166\204\145\271\135\356\140\351\177\132\145\110\136\224}{subsection.4.4}% 45
\BOOKMARK [3][-]{subsubsection.4.4.2}{\376\377\217\335\211\304\151\202\163\207\166\204\123\330\137\002\174\373\145\160\116\073\133\374\116\016\134\076\220\350\210\160\121\317\211\304\137\213}{subsection.4.4}% 46
\BOOKMARK [3][-]{subsubsection.4.4.3}{\376\377\170\156\133\232\140\047\173\111\137\205\172\227\123\343\000\040\000z\000\040\166\204\123\302\145\160\147\103\210\141\145\110\136\224}{subsection.4.4}% 47
\BOOKMARK [2][-]{subsection.4.5}{\376\377\147\054\172\340\134\017\176\323}{section.4}% 48
\BOOKMARK [1][-]{section.5}{\376\377\116\377\167\037\133\371\153\324}{}% 49
\BOOKMARK [2][-]{subsection.5.1}{\376\377\116\377\167\037\213\276\177\156}{section.5}% 50
\BOOKMARK [2][-]{subsection.5.2}{\376\377\164\006\213\272\210\150\217\276\137\017\232\214\213\301}{section.5}% 51
\BOOKMARK [3][-]{subsubsection.5.2.1}{\376\377\173\111\137\205\000\040\000A\000L\000O\000H\000A}{subsection.5.2}% 52
\BOOKMARK [3][-]{subsubsection.5.2.2}{\376\377\173\111\137\205\000\040\000C\000S\000M\000A}{subsection.5.2}% 53
\BOOKMARK [2][-]{subsection.5.3}{\376\377\116\015\124\014\147\072\122\066\166\204\140\047\200\375\133\371\153\324}{section.5}% 54
\BOOKMARK [3][-]{subsubsection.5.3.1}{\376\377\000A\000L\000O\000H\000A\000\040\174\173\147\072\122\066\133\371\153\324}{subsection.5.3}% 55
\BOOKMARK [3][-]{subsubsection.5.3.2}{\376\377\000C\000S\000M\000A\000\040\174\173\147\072\122\066\133\371\153\324}{subsection.5.3}% 56
\BOOKMARK [2][-]{subsection.5.4}{\376\377\147\054\172\340\134\017\176\323}{section.5}% 57
\BOOKMARK [1][-]{section*.21}{\376\377\123\302\200\003\145\207\163\056}{}% 58
\BOOKMARK [1][-]{section*.22}{\376\377\201\364\000\040\214\042}{}% 59
\BOOKMARK [1][-]{section*.23}{\376\377\145\073\213\373\170\125\130\353\133\146\117\115\147\037\225\364\166\204\170\024\172\166\142\020\147\234}{}% 60
